{"level":30,"time":"2026-04-29T14:21:34.971Z","pid":7848,"hostname":"TM1_Laptop","level_label":"info","userId":"69ed5cca5038c4b4aa9b4fb9","deviceId":"f1c211e8-f1ad-4f07-8370-602f5b693316","message":"User logged in"}
{"level":30,"time":"2026-04-29T14:32:29.749Z","pid":7848,"hostname":"TM1_Laptop","level_label":"info","userId":"69ed5cca5038c4b4aa9b4fb9","deviceId":"f1c211e8-f1ad-4f07-8370-602f5b693316","message":"Refresh token rotated successfully"}
{"level":30,"time":"2026-04-29T21:20:18.618Z","pid":13032,"hostname":"TM1_Laptop","level_label":"info","userId":"69ed5cca5038c4b4aa9b4fb9","deviceId":"f1c211e8-f1ad-4f07-8370-602f5b693316","message":"Refresh token rotated successfully"}
{"level":30,"time":"2026-04-29T21:23:00.697Z","pid":4872,"hostname":"TM1_Laptop","level_label":"info","userId":"69ed5cca5038c4b4aa9b4fb9","deviceId":"f1c211e8-f1ad-4f07-8370-602f5b693316","message":"User logged out successfully"}
{"level":30,"time":"2026-04-29T21:23:29.289Z","pid":4872,"hostname":"TM1_Laptop","level_label":"info","userId":"69ed5cca5038c4b4aa9b4fb9","deviceId":"971ea010-0106-4ef5-b139-d1e90c375f81","message":"User logged in"}
{"level":30,"time":"2026-04-29T21:28:44.627Z","pid":4872,"hostname":"TM1_Laptop","level_label":"info","userId":"69ed5cca5038c4b4aa9b4fb9","deviceId":"b052d8dc-8c6e-4f29-b63a-bf876b3436ee","message":"User logged in"}
{"level":30,"time":"2026-04-29T21:31:05.762Z","pid":4872,"hostname":"TM1_Laptop","level_label":"info","userId":"69ed5cca5038c4b4aa9b4fb9","deviceId":"b052d8dc-8c6e-4f29-b63a-bf876b3436ee","message":"Refresh token rotated successfully"}
{"level":30,"time":"2026-04-29T21:31:11.719Z","pid":4872,"hostname":"TM1_Laptop","level_label":"info","userId":"69ed5cca5038c4b4aa9b4fb9","deviceId":"b052d8dc-8c6e-4f29-b63a-bf876b3436ee","message":"User logged out successfully"}
{"level":30,"time":"2026-04-29T21:31:30.611Z","pid":4872,"hostname":"TM1_Laptop","level_label":"info","userId":"69ed5cca5038c4b4aa9b4fb9","deviceId":"90b73573-5d61-49a4-93df-150a925b1cc6","message":"User logged in"}
{"level":30,"time":"2026-04-29T21:38:34.350Z","pid":4872,"hostname":"TM1_Laptop","level_label":"info","userId":"69ed5cca5038c4b4aa9b4fb9","deviceId":"90b73573-5d61-49a4-93df-150a925b1cc6","message":"Refresh token rotated successfully"}
{"level":30,"time":"2026-04-29T21:41:35.384Z","pid":11488,"hostname":"TM1_Laptop","level_label":"info","userId":"69ed5cca5038c4b4aa9b4fb9","deviceId":"90b73573-5d61-49a4-93df-150a925b1cc6","message":"Refresh token rotated successfully"}
{"level":30,"time":"2026-04-29T21:45:25.919Z","pid":11488,"hostname":"TM1_Laptop","level_label":"info","userId":"69ed5cca5038c4b4aa9b4fb9","deviceId":"90b73573-5d61-49a4-93df-150a925b1cc6","message":"Refresh token rotated successfully"}
{"level":40,"time":"2026-04-29T21:46:41.382Z","pid":11488,"hostname":"TM1_Laptop","level_label":"warn","userId":"69ed5cca5038c4b4aa9b4fb9","deviceId":"f5e84eec-dc07-40d0-940a-62471eb806f3","msg":"Invalid password entered"}
{"level":40,"time":"2026-04-29T21:47:12.888Z","pid":11488,"hostname":"TM1_Laptop","level_label":"warn","userId":"69ed5cca5038c4b4aa9b4fb9","deviceId":"6d96625f-9ca0-44c0-ad87-90c02f0c2825","msg":"Invalid password entered"}
{"level":40,"time":"2026-04-29T21:57:08.170Z","pid":11364,"hostname":"TM1_Laptop","level_label":"warn","userId":"69ed5cca5038c4b4aa9b4fb9","deviceId":"e2638b5b-7629-4e25-8695-2b754a659359","msg":"Invalid password entered"}
{"level":40,"time":"2026-04-29T22:12:10.131Z","pid":2356,"hostname":"TM1_Laptop","level_label":"warn","userId":"69ed5cca5038c4b4aa9b4fb9","deviceId":"607b5c75-f598-4156-9071-ad08c337dd39","msg":"Invalid password entered"}
{"level":40,"time":"2026-04-29T22:21:59.426Z","pid":13128,"hostname":"TM1_Laptop","level_label":"warn","userId":"69ed5cca5038c4b4aa9b4fb9","deviceId":"beb40027-08ca-4726-9de7-345200c4ddbf","msg":"Invalid password entered"}
{"level":40,"time":"2026-04-29T22:22:06.050Z","pid":13128,"hostname":"TM1_Laptop","level_label":"warn","userId":"69ed5cca5038c4b4aa9b4fb9","deviceId":"f128f86d-92f6-4cbb-bab2-67808323c0a6","msg":"Login attempted on locked account"}
{"level":40,"time":"2026-04-29T22:22:12.853Z","pid":13128,"hostname":"TM1_Laptop","level_label":"warn","userId":"69ed5cca5038c4b4aa9b4fb9","deviceId":"c4ec3dd7-04ba-4a8c-ad1d-b3be3fef2fd7","msg":"Login attempted on locked account"}
{"level":40,"time":"2026-04-29T22:22:20.816Z","pid":13128,"hostname":"TM1_Laptop","level_label":"warn","userId":"69ed5cca5038c4b4aa9b4fb9","deviceId":"617ab2aa-c8a0-424a-bf0b-01cf083d8fe9","msg":"Login attempted on locked account"}
{"level":40,"time":"2026-04-29T22:32:42.931Z","pid":13128,"hostname":"TM1_Laptop","level_label":"warn","userId":"69ed5cca5038c4b4aa9b4fb9","deviceId":"06c4700c-8d7c-4e21-8b35-1b6dff07fc3c","msg":"Login attempted on locked account"}
{"level":40,"time":"2026-04-29T22:32:56.794Z","pid":13128,"hostname":"TM1_Laptop","level_label":"warn","userId":"69ed5cca5038c4b4aa9b4fb9","deviceId":"cb80e3e0-1316-4af0-8c2f-70fbcb63dabe","msg":"Login attempted on locked account"}
{"level":30,"time":"2026-04-29T22:53:16.164Z","pid":13128,"hostname":"TM1_Laptop","level_label":"info","userId":"69ed5cca5038c4b4aa9b4fb9","deviceId":"7ce4ac37-fee8-4da4-959b-8d0fc2ac63de","message":"User logged in"}
{"level":30,"time":"2026-04-29T23:14:43.522Z","pid":2396,"hostname":"TM1_Laptop","level_label":"info","userId":"69ed5cca5038c4b4aa9b4fb9","deviceId":"7ce4ac37-fee8-4da4-959b-8d0fc2ac63de","message":"Refresh token rotated successfully"}
{"level":30,"time":"2026-04-29T23:29:34.317Z","pid":12460,"hostname":"TM1_Laptop","level_label":"info","userId":"69ed5cca5038c4b4aa9b4fb9","deviceId":"7ce4ac37-fee8-4da4-959b-8d0fc2ac63de","message":"Refresh token rotated successfully"}
{"level":30,"time":"2026-04-29T23:41:30.605Z","pid":12256,"hostname":"TM1_Laptop","level_label":"info","userId":"69ed5cca5038c4b4aa9b4fb9","deviceId":"7ce4ac37-fee8-4da4-959b-8d0fc2ac63de","message":"Refresh token rotated successfully"}
{"level":30,"time":"2026-04-29T23:44:25.481Z","pid":14136,"hostname":"TM1_Laptop","level_label":"info","userId":"69ed5cca5038c4b4aa9b4fb9","deviceId":"7ce4ac37-fee8-4da4-959b-8d0fc2ac63de","message":"Refresh token rotated successfully"}
{"level":30,"time":"2026-04-29T23:44:37.043Z","pid":14136,"hostname":"TM1_Laptop","level_label":"info","userId":"69ed5cca5038c4b4aa9b4fb9","deviceId":"7ce4ac37-fee8-4da4-959b-8d0fc2ac63de","message":"User logged out successfully"}
{"level":30,"time":"2026-04-29T23:45:19.402Z","pid":14136,"hostname":"TM1_Laptop","level_label":"info","userId":"69ed5cca5038c4b4aa9b4fb9","deviceId":"0f75519a-0bc9-4fed-beb5-a8ba10e269f5","message":"User logged in"}
{"level":30,"time":"2026-04-29T23:48:23.494Z","pid":11936,"hostname":"TM1_Laptop","level_label":"info","userId":"69ed5cca5038c4b4aa9b4fb9","deviceId":"0f75519a-0bc9-4fed-beb5-a8ba10e269f5","message":"Refresh token rotated successfully"}
{"level":30,"time":"2026-04-29T23:49:00.472Z","pid":11936,"hostname":"TM1_Laptop","level_label":"info","userId":"69ed5cca5038c4b4aa9b4fb9","deviceId":"0f75519a-0bc9-4fed-beb5-a8ba10e269f5","message":"User logged out successfully"}
{"level":30,"time":"2026-04-29T23:49:17.713Z","pid":11936,"hostname":"TM1_Laptop","level_label":"info","userId":"69ed5cca5038c4b4aa9b4fb9","deviceId":"be2081dc-4fc5-48be-894b-2fc40c2cb4ef","message":"User logged in"}
{"level":30,"time":"2026-04-29T23:49:22.499Z","pid":11936,"hostname":"TM1_Laptop","level_label":"info","userId":"69ed5cca5038c4b4aa9b4fb9","deviceId":"be2081dc-4fc5-48be-894b-2fc40c2cb4ef","message":"User logged out successfully"}
{"level":30,"time":"2026-04-29T23:49:40.503Z","pid":11936,"hostname":"TM1_Laptop","level_label":"info","userId":"69ed5cca5038c4b4aa9b4fb9","deviceId":"a03c3f31-f3aa-4257-b01f-2f3717080d28","message":"User logged in"}
{"level":30,"time":"2026-04-29T23:49:45.069Z","pid":11936,"hostname":"TM1_Laptop","level_label":"info","userId":"69ed5cca5038c4b4aa9b4fb9","deviceId":"a03c3f31-f3aa-4257-b01f-2f3717080d28","message":"User logged out successfully"}
{"level":40,"time":"2026-04-29T23:49:56.756Z","pid":11936,"hostname":"TM1_Laptop","level_label":"warn","userId":"69ed5cca5038c4b4aa9b4fb9","deviceId":"dd814015-ef94-4c39-844e-2d107924d6b1","msg":"Invalid password entered"}
{"level":30,"time":"2026-04-29T23:50:14.819Z","pid":11936,"hostname":"TM1_Laptop","level_label":"info","userId":"69ed5cca5038c4b4aa9b4fb9","deviceId":"5fa7f4d2-0176-48b1-ac7a-03c293254967","message":"User logged in"}
{"level":30,"time":"2026-04-29T23:59:48.306Z","pid":11936,"hostname":"TM1_Laptop","level_label":"info","userId":"69ed5cca5038c4b4aa9b4fb9","deviceId":"5fa7f4d2-0176-48b1-ac7a-03c293254967","message":"Refresh token rotated successfully"}
