{"level":30,"time":"2026-04-26T00:31:15.618Z","pid":6628,"hostname":"TM1_Laptop","level_label":"info","userId":"69ed5cca5038c4b4aa9b4fb9","deviceId":"3be7e0d6-dc6c-42d7-80bd-d44d735b372d","message":"User registered"}
{"level":30,"time":"2026-04-26T00:52:11.549Z","pid":6628,"hostname":"TM1_Laptop","level_label":"info","userId":"69ed5cca5038c4b4aa9b4fb9","deviceId":"3be7e0d6-dc6c-42d7-80bd-d44d735b372d","message":"User logged out successfully"}
{"level":30,"time":"2026-04-26T00:52:42.334Z","pid":6628,"hostname":"TM1_Laptop","level_label":"info","userId":"69ed5cca5038c4b4aa9b4fb9","deviceId":"dba16e5c-3813-4ea7-b58a-09496e5c32bb","message":"User logged in"}
{"level":30,"time":"2026-04-26T12:27:42.974Z","pid":6392,"hostname":"TM1_Laptop","level_label":"info","userId":"69ed5cca5038c4b4aa9b4fb9","deviceId":"dba16e5c-3813-4ea7-b58a-09496e5c32bb","message":"Refresh token rotated successfully"}
{"level":30,"time":"2026-04-26T12:27:53.960Z","pid":6392,"hostname":"TM1_Laptop","level_label":"info","userId":"69ed5cca5038c4b4aa9b4fb9","deviceId":"dba16e5c-3813-4ea7-b58a-09496e5c32bb","message":"User logged out successfully"}
{"level":30,"time":"2026-04-26T12:28:14.319Z","pid":6392,"hostname":"TM1_Laptop","level_label":"info","userId":"69ed5cca5038c4b4aa9b4fb9","deviceId":"eb33fa47-bbbc-4e66-afbe-14b32c20762e","message":"User logged in"}
{"level":30,"time":"2026-04-26T12:30:10.515Z","pid":7056,"hostname":"TM1_Laptop","level_label":"info","userId":"69ed5cca5038c4b4aa9b4fb9","deviceId":"eb33fa47-bbbc-4e66-afbe-14b32c20762e","message":"User logged out successfully"}
{"level":30,"time":"2026-04-26T12:30:32.981Z","pid":7056,"hostname":"TM1_Laptop","level_label":"info","userId":"69ed5cca5038c4b4aa9b4fb9","deviceId":"402122e2-e0c6-4da5-9e4e-d4a92ee194c6","message":"User logged in"}
{"level":30,"time":"2026-04-26T12:51:08.017Z","pid":7056,"hostname":"TM1_Laptop","level_label":"info","userId":"69ed5cca5038c4b4aa9b4fb9","deviceId":"402122e2-e0c6-4da5-9e4e-d4a92ee194c6","message":"Refresh token rotated successfully"}
{"level":30,"time":"2026-04-26T12:51:15.580Z","pid":7056,"hostname":"TM1_Laptop","level_label":"info","userId":"69ed5cca5038c4b4aa9b4fb9","deviceId":"402122e2-e0c6-4da5-9e4e-d4a92ee194c6","message":"User logged out successfully"}
{"level":30,"time":"2026-04-26T14:10:24.046Z","pid":12320,"hostname":"TM1_Laptop","level_label":"info","userId":"69ed5cca5038c4b4aa9b4fb9","deviceId":"a78e28ec-aba8-4e9e-8abc-71bbc454c38a","message":"User logged in"}
{"level":30,"time":"2026-04-26T14:12:27.894Z","pid":7412,"hostname":"TM1_Laptop","level_label":"info","userId":"69ed5cca5038c4b4aa9b4fb9","deviceId":"a78e28ec-aba8-4e9e-8abc-71bbc454c38a","message":"Refresh token rotated successfully"}
{"level":30,"time":"2026-04-26T14:12:32.669Z","pid":7412,"hostname":"TM1_Laptop","level_label":"info","userId":"69ed5cca5038c4b4aa9b4fb9","deviceId":"a78e28ec-aba8-4e9e-8abc-71bbc454c38a","message":"User logged out successfully"}
{"level":30,"time":"2026-04-26T14:12:49.872Z","pid":7412,"hostname":"TM1_Laptop","level_label":"info","userId":"69ed5cca5038c4b4aa9b4fb9","deviceId":"1b994908-a452-4978-b9ce-feeb37c2c0f2","message":"User logged in"}
{"level":30,"time":"2026-04-26T14:16:30.878Z","pid":10164,"hostname":"TM1_Laptop","level_label":"info","userId":"69ed5cca5038c4b4aa9b4fb9","deviceId":"1b994908-a452-4978-b9ce-feeb37c2c0f2","message":"Refresh token rotated successfully"}
{"level":30,"time":"2026-04-26T14:16:38.190Z","pid":10164,"hostname":"TM1_Laptop","level_label":"info","userId":"69ed5cca5038c4b4aa9b4fb9","deviceId":"1b994908-a452-4978-b9ce-feeb37c2c0f2","message":"User logged out successfully"}
{"level":30,"time":"2026-04-26T14:17:00.885Z","pid":10164,"hostname":"TM1_Laptop","level_label":"info","userId":"69ed5cca5038c4b4aa9b4fb9","deviceId":"03dcee69-9d99-4fd6-92eb-f92bfebae713","message":"User logged in"}
{"level":30,"time":"2026-04-26T14:25:20.289Z","pid":11024,"hostname":"TM1_Laptop","level_label":"info","userId":"69ed5cca5038c4b4aa9b4fb9","deviceId":"03dcee69-9d99-4fd6-92eb-f92bfebae713","message":"Refresh token rotated successfully"}
{"level":30,"time":"2026-04-26T14:25:25.492Z","pid":11024,"hostname":"TM1_Laptop","level_label":"info","userId":"69ed5cca5038c4b4aa9b4fb9","deviceId":"03dcee69-9d99-4fd6-92eb-f92bfebae713","message":"User logged out successfully"}
{"level":30,"time":"2026-04-26T14:25:49.247Z","pid":11024,"hostname":"TM1_Laptop","level_label":"info","userId":"69ed5cca5038c4b4aa9b4fb9","deviceId":"68c3b620-3d56-41ff-befc-65d2d310fd07","message":"User logged in"}
{"level":30,"time":"2026-04-26T14:32:52.943Z","pid":2592,"hostname":"TM1_Laptop","level_label":"info","userId":"69ed5cca5038c4b4aa9b4fb9","deviceId":"68c3b620-3d56-41ff-befc-65d2d310fd07","message":"Refresh token rotated successfully"}
{"level":30,"time":"2026-04-26T14:32:57.341Z","pid":2592,"hostname":"TM1_Laptop","level_label":"info","userId":"69ed5cca5038c4b4aa9b4fb9","deviceId":"68c3b620-3d56-41ff-befc-65d2d310fd07","message":"User logged out successfully"}
{"level":30,"time":"2026-04-26T14:35:19.895Z","pid":2592,"hostname":"TM1_Laptop","level_label":"info","userId":"69ed5cca5038c4b4aa9b4fb9","deviceId":"d70177a4-2944-4ad8-8a94-31a2e314fdaa","message":"User logged in"}
{"level":30,"time":"2026-04-26T14:37:38.710Z","pid":12660,"hostname":"TM1_Laptop","level_label":"info","userId":"69ed5cca5038c4b4aa9b4fb9","deviceId":"d70177a4-2944-4ad8-8a94-31a2e314fdaa","message":"Refresh token rotated successfully"}
{"level":30,"time":"2026-04-26T14:37:42.914Z","pid":12660,"hostname":"TM1_Laptop","level_label":"info","userId":"69ed5cca5038c4b4aa9b4fb9","deviceId":"d70177a4-2944-4ad8-8a94-31a2e314fdaa","message":"User logged out successfully"}
{"level":30,"time":"2026-04-26T14:37:57.535Z","pid":12660,"hostname":"TM1_Laptop","level_label":"info","userId":"69ed5cca5038c4b4aa9b4fb9","deviceId":"8949a307-7092-4ae8-a8ef-ccf3d9a30a34","message":"User logged in"}
{"level":30,"time":"2026-04-26T14:41:53.059Z","pid":4356,"hostname":"TM1_Laptop","level_label":"info","userId":"69ed5cca5038c4b4aa9b4fb9","deviceId":"8949a307-7092-4ae8-a8ef-ccf3d9a30a34","message":"Refresh token rotated successfully"}
{"level":30,"time":"2026-04-26T14:45:35.642Z","pid":4356,"hostname":"TM1_Laptop","level_label":"info","userId":"69ed5cca5038c4b4aa9b4fb9","deviceId":"8949a307-7092-4ae8-a8ef-ccf3d9a30a34","message":"Refresh token rotated successfully"}
{"level":30,"time":"2026-04-26T15:24:50.689Z","pid":7188,"hostname":"TM1_Laptop","level_label":"info","userId":"69ed5cca5038c4b4aa9b4fb9","deviceId":"8949a307-7092-4ae8-a8ef-ccf3d9a30a34","message":"Refresh token rotated successfully"}
{"level":30,"time":"2026-04-26T15:30:21.137Z","pid":7188,"hostname":"TM1_Laptop","level_label":"info","userId":"69ed5cca5038c4b4aa9b4fb9","deviceId":"8949a307-7092-4ae8-a8ef-ccf3d9a30a34","message":"Refresh token rotated successfully"}
{"level":30,"time":"2026-04-26T15:33:53.870Z","pid":7188,"hostname":"TM1_Laptop","level_label":"info","userId":"69ed5cca5038c4b4aa9b4fb9","deviceId":"8949a307-7092-4ae8-a8ef-ccf3d9a30a34","message":"Refresh token rotated successfully"}
{"level":30,"time":"2026-04-26T15:42:16.324Z","pid":7188,"hostname":"TM1_Laptop","level_label":"info","userId":"69ed5cca5038c4b4aa9b4fb9","deviceId":"8949a307-7092-4ae8-a8ef-ccf3d9a30a34","message":"Refresh token rotated successfully"}
{"level":30,"time":"2026-04-26T15:49:42.725Z","pid":7188,"hostname":"TM1_Laptop","level_label":"info","userId":"69ed5cca5038c4b4aa9b4fb9","deviceId":"8949a307-7092-4ae8-a8ef-ccf3d9a30a34","message":"Refresh token rotated successfully"}
{"level":30,"time":"2026-04-26T15:51:45.431Z","pid":7188,"hostname":"TM1_Laptop","level_label":"info","userId":"69ed5cca5038c4b4aa9b4fb9","deviceId":"8949a307-7092-4ae8-a8ef-ccf3d9a30a34","message":"Refresh token rotated successfully"}
{"level":30,"time":"2026-04-26T15:58:55.135Z","pid":7188,"hostname":"TM1_Laptop","level_label":"info","userId":"69ed5cca5038c4b4aa9b4fb9","deviceId":"8949a307-7092-4ae8-a8ef-ccf3d9a30a34","message":"Refresh token rotated successfully"}
{"level":30,"time":"2026-04-26T16:11:23.478Z","pid":7188,"hostname":"TM1_Laptop","level_label":"info","userId":"69ed5cca5038c4b4aa9b4fb9","deviceId":"8949a307-7092-4ae8-a8ef-ccf3d9a30a34","message":"Refresh token rotated successfully"}
{"level":30,"time":"2026-04-26T16:14:56.686Z","pid":7188,"hostname":"TM1_Laptop","level_label":"info","userId":"69ed5cca5038c4b4aa9b4fb9","deviceId":"8949a307-7092-4ae8-a8ef-ccf3d9a30a34","message":"Refresh token rotated successfully"}
{"level":30,"time":"2026-04-26T17:25:12.530Z","pid":1600,"hostname":"TM1_Laptop","level_label":"info","userId":"69ed5cca5038c4b4aa9b4fb9","deviceId":"8949a307-7092-4ae8-a8ef-ccf3d9a30a34","message":"Refresh token rotated successfully"}
{"level":30,"time":"2026-04-26T19:05:46.757Z","pid":6596,"hostname":"TM1_Laptop","level_label":"info","userId":"69ed5cca5038c4b4aa9b4fb9","deviceId":"8949a307-7092-4ae8-a8ef-ccf3d9a30a34","message":"Refresh token rotated successfully"}
{"level":30,"time":"2026-04-26T19:05:50.948Z","pid":6596,"hostname":"TM1_Laptop","level_label":"info","userId":"69ed5cca5038c4b4aa9b4fb9","deviceId":"8949a307-7092-4ae8-a8ef-ccf3d9a30a34","message":"Refresh token rotated successfully"}
{"level":30,"time":"2026-04-26T19:11:42.082Z","pid":6596,"hostname":"TM1_Laptop","level_label":"info","userId":"69ed5cca5038c4b4aa9b4fb9","deviceId":"8949a307-7092-4ae8-a8ef-ccf3d9a30a34","message":"Refresh token rotated successfully"}
{"level":30,"time":"2026-04-26T19:14:00.431Z","pid":2728,"hostname":"TM1_Laptop","level_label":"info","userId":"69ed5cca5038c4b4aa9b4fb9","deviceId":"8949a307-7092-4ae8-a8ef-ccf3d9a30a34","message":"Refresh token rotated successfully"}
{"level":30,"time":"2026-04-26T19:19:33.031Z","pid":2728,"hostname":"TM1_Laptop","level_label":"info","userId":"69ed5cca5038c4b4aa9b4fb9","deviceId":"8949a307-7092-4ae8-a8ef-ccf3d9a30a34","message":"Refresh token rotated successfully"}
{"level":30,"time":"2026-04-26T19:23:44.530Z","pid":2728,"hostname":"TM1_Laptop","level_label":"info","userId":"69ed5cca5038c4b4aa9b4fb9","deviceId":"8949a307-7092-4ae8-a8ef-ccf3d9a30a34","message":"Refresh token rotated successfully"}
{"level":30,"time":"2026-04-26T19:26:43.326Z","pid":2728,"hostname":"TM1_Laptop","level_label":"info","userId":"69ed5cca5038c4b4aa9b4fb9","deviceId":"8949a307-7092-4ae8-a8ef-ccf3d9a30a34","message":"Refresh token rotated successfully"}
{"level":30,"time":"2026-04-26T19:52:10.762Z","pid":2728,"hostname":"TM1_Laptop","level_label":"info","userId":"69ed5cca5038c4b4aa9b4fb9","deviceId":"8949a307-7092-4ae8-a8ef-ccf3d9a30a34","message":"Refresh token rotated successfully"}
{"level":30,"time":"2026-04-26T20:10:19.006Z","pid":11440,"hostname":"TM1_Laptop","level_label":"info","userId":"69ed5cca5038c4b4aa9b4fb9","deviceId":"14e9dd01-8d27-4ccc-aa16-d2417b2ff658","message":"User logged in"}
{"level":30,"time":"2026-04-26T20:30:59.301Z","pid":11440,"hostname":"TM1_Laptop","level_label":"info","userId":"69ed5cca5038c4b4aa9b4fb9","deviceId":"14e9dd01-8d27-4ccc-aa16-d2417b2ff658","message":"Refresh token rotated successfully"}
{"level":30,"time":"2026-04-26T20:38:18.632Z","pid":11440,"hostname":"TM1_Laptop","level_label":"info","userId":"69ed5cca5038c4b4aa9b4fb9","deviceId":"14e9dd01-8d27-4ccc-aa16-d2417b2ff658","message":"Refresh token rotated successfully"}
{"level":30,"time":"2026-04-26T20:43:11.291Z","pid":11440,"hostname":"TM1_Laptop","level_label":"info","userId":"69ed5cca5038c4b4aa9b4fb9","deviceId":"14e9dd01-8d27-4ccc-aa16-d2417b2ff658","message":"Refresh token rotated successfully"}
{"level":30,"time":"2026-04-26T20:45:50.719Z","pid":11440,"hostname":"TM1_Laptop","level_label":"info","userId":"69ed5cca5038c4b4aa9b4fb9","deviceId":"14e9dd01-8d27-4ccc-aa16-d2417b2ff658","message":"Refresh token rotated successfully"}
{"level":30,"time":"2026-04-26T20:48:54.285Z","pid":11440,"hostname":"TM1_Laptop","level_label":"info","userId":"69ed5cca5038c4b4aa9b4fb9","deviceId":"14e9dd01-8d27-4ccc-aa16-d2417b2ff658","message":"Refresh token rotated successfully"}
{"level":30,"time":"2026-04-26T20:55:10.649Z","pid":11440,"hostname":"TM1_Laptop","level_label":"info","userId":"69ed5cca5038c4b4aa9b4fb9","deviceId":"14e9dd01-8d27-4ccc-aa16-d2417b2ff658","message":"Refresh token rotated successfully"}
{"level":30,"time":"2026-04-26T20:58:55.888Z","pid":11440,"hostname":"TM1_Laptop","level_label":"info","userId":"69ed5cca5038c4b4aa9b4fb9","deviceId":"14e9dd01-8d27-4ccc-aa16-d2417b2ff658","message":"Refresh token rotated successfully"}
{"level":30,"time":"2026-04-26T21:02:12.104Z","pid":11440,"hostname":"TM1_Laptop","level_label":"info","userId":"69ed5cca5038c4b4aa9b4fb9","deviceId":"14e9dd01-8d27-4ccc-aa16-d2417b2ff658","message":"Refresh token rotated successfully"}
{"level":30,"time":"2026-04-26T21:04:33.805Z","pid":11440,"hostname":"TM1_Laptop","level_label":"info","userId":"69ed5cca5038c4b4aa9b4fb9","deviceId":"14e9dd01-8d27-4ccc-aa16-d2417b2ff658","message":"Refresh token rotated successfully"}
{"level":30,"time":"2026-04-26T21:06:58.728Z","pid":11440,"hostname":"TM1_Laptop","level_label":"info","userId":"69ed5cca5038c4b4aa9b4fb9","deviceId":"14e9dd01-8d27-4ccc-aa16-d2417b2ff658","message":"Refresh token rotated successfully"}
{"level":30,"time":"2026-04-26T21:09:39.531Z","pid":11440,"hostname":"TM1_Laptop","level_label":"info","userId":"69ed5cca5038c4b4aa9b4fb9","deviceId":"14e9dd01-8d27-4ccc-aa16-d2417b2ff658","message":"Refresh token rotated successfully"}
{"level":30,"time":"2026-04-26T21:12:25.203Z","pid":11440,"hostname":"TM1_Laptop","level_label":"info","userId":"69ed5cca5038c4b4aa9b4fb9","deviceId":"14e9dd01-8d27-4ccc-aa16-d2417b2ff658","message":"Refresh token rotated successfully"}
{"level":30,"time":"2026-04-26T21:14:31.281Z","pid":11440,"hostname":"TM1_Laptop","level_label":"info","userId":"69ed5cca5038c4b4aa9b4fb9","deviceId":"14e9dd01-8d27-4ccc-aa16-d2417b2ff658","message":"Refresh token rotated successfully"}
{"level":30,"time":"2026-04-26T21:22:25.573Z","pid":11440,"hostname":"TM1_Laptop","level_label":"info","userId":"69ed5cca5038c4b4aa9b4fb9","deviceId":"14e9dd01-8d27-4ccc-aa16-d2417b2ff658","message":"Refresh token rotated successfully"}
{"level":30,"time":"2026-04-26T21:54:44.463Z","pid":13012,"hostname":"TM1_Laptop","level_label":"info","userId":"69ed5cca5038c4b4aa9b4fb9","deviceId":"14e9dd01-8d27-4ccc-aa16-d2417b2ff658","message":"Refresh token rotated successfully"}
