{"level":30,"time":"2026-04-28T00:00:17.510Z","pid":11796,"hostname":"TM1_Laptop","level_label":"info","userId":"69ed5cca5038c4b4aa9b4fb9","deviceId":"fb6327f3-f908-482e-8f5b-e545d8b5f107","message":"Refresh token rotated successfully"}
{"level":30,"time":"2026-04-28T00:05:24.211Z","pid":12592,"hostname":"TM1_Laptop","level_label":"info","userId":"69ed5cca5038c4b4aa9b4fb9","deviceId":"fb6327f3-f908-482e-8f5b-e545d8b5f107","message":"Refresh token rotated successfully"}
{"level":30,"time":"2026-04-28T00:07:50.507Z","pid":12592,"hostname":"TM1_Laptop","level_label":"info","userId":"69ed5cca5038c4b4aa9b4fb9","deviceId":"fb6327f3-f908-482e-8f5b-e545d8b5f107","message":"Refresh token rotated successfully"}
{"level":30,"time":"2026-04-28T00:10:33.038Z","pid":12592,"hostname":"TM1_Laptop","level_label":"info","userId":"69ed5cca5038c4b4aa9b4fb9","deviceId":"fb6327f3-f908-482e-8f5b-e545d8b5f107","message":"Refresh token rotated successfully"}
{"level":30,"time":"2026-04-28T00:12:55.346Z","pid":12592,"hostname":"TM1_Laptop","level_label":"info","userId":"69ed5cca5038c4b4aa9b4fb9","deviceId":"fb6327f3-f908-482e-8f5b-e545d8b5f107","message":"Refresh token rotated successfully"}
{"level":30,"time":"2026-04-28T00:15:08.099Z","pid":12592,"hostname":"TM1_Laptop","level_label":"info","userId":"69ed5cca5038c4b4aa9b4fb9","deviceId":"fb6327f3-f908-482e-8f5b-e545d8b5f107","message":"Refresh token rotated successfully"}
{"level":30,"time":"2026-04-28T00:16:32.123Z","pid":12592,"hostname":"TM1_Laptop","level_label":"info","userId":"69ea1c3c76103b501663349d","deletedBy":"69ed5cca5038c4b4aa9b4fb9","ipAddress":"::1","userAgent":"Mozilla/5.0 (Windows NT 10.0; Win64; x64) AppleWebKit/537.36 (KHTML, like Gecko) Chrome/147.0.0.0 Safari/537.36","deviceName":"","deviceId":"8a6734e4-d355-42fa-a26a-635d004754e8","message":"User soft deleted"}
{"level":30,"time":"2026-04-28T00:17:37.685Z","pid":12592,"hostname":"TM1_Laptop","level_label":"info","userId":"69ed5cca5038c4b4aa9b4fb9","deviceId":"fb6327f3-f908-482e-8f5b-e545d8b5f107","message":"Refresh token rotated successfully"}
{"level":30,"time":"2026-04-28T00:19:42.486Z","pid":12592,"hostname":"TM1_Laptop","level_label":"info","userId":"69ed5cca5038c4b4aa9b4fb9","deviceId":"fb6327f3-f908-482e-8f5b-e545d8b5f107","message":"Refresh token rotated successfully"}
{"level":30,"time":"2026-04-28T00:39:03.828Z","pid":12624,"hostname":"TM1_Laptop","level_label":"info","userId":"69ed5cca5038c4b4aa9b4fb9","deviceId":"fb6327f3-f908-482e-8f5b-e545d8b5f107","message":"Refresh token rotated successfully"}
{"level":30,"time":"2026-04-28T00:41:56.253Z","pid":12624,"hostname":"TM1_Laptop","level_label":"info","userId":"69ed5cca5038c4b4aa9b4fb9","deviceId":"fb6327f3-f908-482e-8f5b-e545d8b5f107","message":"Refresh token rotated successfully"}
{"level":30,"time":"2026-04-28T00:43:33.953Z","pid":12624,"hostname":"TM1_Laptop","level_label":"info","userId":"69ed5cca5038c4b4aa9b4fb9","noteId":"69f002b52284711ff9251013","ipAddress":"::1","userAgent":"Mozilla/5.0 (Windows NT 10.0; Win64; x64) AppleWebKit/537.36 (KHTML, like Gecko) Chrome/147.0.0.0 Safari/537.36","deviceName":"","deviceId":"3d7cbbf2-56b5-460a-ba95-926539864656","message":"Note the user cam under the gold bar-physics created"}
{"level":30,"time":"2026-04-28T00:44:05.411Z","pid":12624,"hostname":"TM1_Laptop","level_label":"info","userId":"69ed5cca5038c4b4aa9b4fb9","deviceId":"fb6327f3-f908-482e-8f5b-e545d8b5f107","message":"Refresh token rotated successfully"}
{"level":30,"time":"2026-04-28T00:47:39.129Z","pid":12624,"hostname":"TM1_Laptop","level_label":"info","userId":"69ed5cca5038c4b4aa9b4fb9","deviceId":"fb6327f3-f908-482e-8f5b-e545d8b5f107","message":"Refresh token rotated successfully"}
{"level":30,"time":"2026-04-28T01:44:06.738Z","pid":12624,"hostname":"TM1_Laptop","level_label":"info","userId":"69ed5cca5038c4b4aa9b4fb9","deviceId":"fb6327f3-f908-482e-8f5b-e545d8b5f107","message":"Refresh token rotated successfully"}
{"level":30,"time":"2026-04-28T01:49:41.352Z","pid":1388,"hostname":"TM1_Laptop","level_label":"info","userId":"69ed5cca5038c4b4aa9b4fb9","deviceId":"fb6327f3-f908-482e-8f5b-e545d8b5f107","message":"Refresh token rotated successfully"}
{"level":30,"time":"2026-04-28T01:49:49.134Z","pid":1388,"hostname":"TM1_Laptop","level_label":"info","userId":"69ed5cca5038c4b4aa9b4fb9","deviceId":"fb6327f3-f908-482e-8f5b-e545d8b5f107","message":"User logged out successfully"}
{"level":30,"time":"2026-04-28T01:50:11.451Z","pid":1388,"hostname":"TM1_Laptop","level_label":"info","userId":"69ed5cca5038c4b4aa9b4fb9","deviceId":"9fc09018-9dec-4106-aa7d-da70703ddbb1","message":"User logged in"}
{"level":30,"time":"2026-04-28T01:50:20.568Z","pid":1388,"hostname":"TM1_Laptop","level_label":"info","userId":"69ed5cca5038c4b4aa9b4fb9","deviceId":"9fc09018-9dec-4106-aa7d-da70703ddbb1","message":"User logged out successfully"}
{"level":30,"time":"2026-04-28T01:51:09.996Z","pid":1388,"hostname":"TM1_Laptop","level_label":"info","userId":"69ed5cca5038c4b4aa9b4fb9","deviceId":"09f40a42-f47c-48ce-b979-fa716b99ca16","message":"User logged in"}
{"level":30,"time":"2026-04-28T02:06:47.633Z","pid":128,"hostname":"TM1_Laptop","level_label":"info","userId":"69ed5cca5038c4b4aa9b4fb9","deviceId":"09f40a42-f47c-48ce-b979-fa716b99ca16","message":"Refresh token rotated successfully"}
{"level":30,"time":"2026-04-28T02:06:57.712Z","pid":128,"hostname":"TM1_Laptop","level_label":"info","userId":"69ed5cca5038c4b4aa9b4fb9","deviceId":"09f40a42-f47c-48ce-b979-fa716b99ca16","message":"User logged out successfully"}
{"level":30,"time":"2026-04-28T02:07:15.772Z","pid":128,"hostname":"TM1_Laptop","level_label":"info","userId":"69ed5cca5038c4b4aa9b4fb9","deviceId":"a4bf0394-f5ca-4bcd-b170-d678903b9b52","message":"User logged in"}
{"level":30,"time":"2026-04-28T02:17:39.200Z","pid":12060,"hostname":"TM1_Laptop","level_label":"info","userId":"69ed5cca5038c4b4aa9b4fb9","deviceId":"1aeefd8c-e44c-48c2-bd80-bbed67cc80b1","message":"User logged in"}
{"level":30,"time":"2026-04-28T02:18:13.300Z","pid":12060,"hostname":"TM1_Laptop","level_label":"info","userId":"69ed5cca5038c4b4aa9b4fb9","updatedBy":"69ed5cca5038c4b4aa9b4fb9","ipAddress":"::1","userAgent":"Mozilla/5.0 (Windows NT 10.0; Win64; x64) AppleWebKit/537.36 (KHTML, like Gecko) Chrome/147.0.0.0 Safari/537.36","deviceName":"","deviceId":"f4e99fe1-5cd3-442e-90c1-9f50b5ed4efe","message":"User updated by admin"}
{"level":30,"time":"2026-04-28T02:21:37.318Z","pid":12060,"hostname":"TM1_Laptop","level_label":"info","userId":"69ed5cca5038c4b4aa9b4fb9","deviceId":"1aeefd8c-e44c-48c2-bd80-bbed67cc80b1","message":"Refresh token rotated successfully"}
{"level":30,"time":"2026-04-28T02:36:24.887Z","pid":588,"hostname":"TM1_Laptop","level_label":"info","userId":"69ed5cca5038c4b4aa9b4fb9","deviceId":"1aeefd8c-e44c-48c2-bd80-bbed67cc80b1","message":"Refresh token rotated successfully"}
{"level":30,"time":"2026-04-28T02:36:38.120Z","pid":588,"hostname":"TM1_Laptop","level_label":"info","userId":"69ed5cca5038c4b4aa9b4fb9","deviceId":"1aeefd8c-e44c-48c2-bd80-bbed67cc80b1","message":"User logged out successfully"}
{"level":30,"time":"2026-04-28T02:36:58.857Z","pid":588,"hostname":"TM1_Laptop","level_label":"info","userId":"69ed5cca5038c4b4aa9b4fb9","deviceId":"b89b1476-e878-4ac6-9657-bc9a74a070a0","message":"User logged in"}
{"level":30,"time":"2026-04-28T02:37:31.573Z","pid":588,"hostname":"TM1_Laptop","level_label":"info","userId":"69eaba6deffa1ae71fc69a29","updatedBy":"69ed5cca5038c4b4aa9b4fb9","ipAddress":"::1","userAgent":"Mozilla/5.0 (Windows NT 10.0; Win64; x64) AppleWebKit/537.36 (KHTML, like Gecko) Chrome/147.0.0.0 Safari/537.36","deviceName":"","deviceId":"29827d48-f7ba-40f1-a6c4-52b1757c87d4","message":"User updated by admin"}
{"level":30,"time":"2026-04-28T02:37:39.092Z","pid":588,"hostname":"TM1_Laptop","level_label":"info","userId":"69eaba6deffa1ae71fc69a29","deletedBy":"69ed5cca5038c4b4aa9b4fb9","ipAddress":"::1","userAgent":"Mozilla/5.0 (Windows NT 10.0; Win64; x64) AppleWebKit/537.36 (KHTML, like Gecko) Chrome/147.0.0.0 Safari/537.36","deviceName":"","deviceId":"dd89eaf8-82af-42af-a648-1a52baef40a2","message":"User soft deleted"}
{"level":30,"time":"2026-04-28T02:39:03.904Z","pid":588,"hostname":"TM1_Laptop","level_label":"info","userId":"69ed5cca5038c4b4aa9b4fb9","deviceId":"b89b1476-e878-4ac6-9657-bc9a74a070a0","message":"Refresh token rotated successfully"}
{"level":30,"time":"2026-04-28T08:36:40.682Z","pid":12412,"hostname":"TM1_Laptop","level_label":"info","userId":"69ed5cca5038c4b4aa9b4fb9","deviceId":"b89b1476-e878-4ac6-9657-bc9a74a070a0","message":"Refresh token rotated successfully"}
{"level":30,"time":"2026-04-28T08:37:31.939Z","pid":12412,"hostname":"TM1_Laptop","level_label":"info","userId":"69ed5cca5038c4b4aa9b4fb9","deviceId":"b89b1476-e878-4ac6-9657-bc9a74a070a0","message":"User logged out successfully"}
{"level":30,"time":"2026-04-28T08:37:56.402Z","pid":12412,"hostname":"TM1_Laptop","level_label":"info","userId":"69ed5cca5038c4b4aa9b4fb9","deviceId":"f6a6d1dc-b79c-48d1-8ccf-6956f94fa3bf","message":"User logged in"}
{"level":30,"time":"2026-04-28T08:41:05.129Z","pid":6000,"hostname":"TM1_Laptop","level_label":"info","userId":"69ed5cca5038c4b4aa9b4fb9","deviceId":"f6a6d1dc-b79c-48d1-8ccf-6956f94fa3bf","message":"Refresh token rotated successfully"}
{"level":30,"time":"2026-04-28T08:43:06.584Z","pid":6000,"hostname":"TM1_Laptop","level_label":"info","userId":"69ed5cca5038c4b4aa9b4fb9","deviceId":"f6a6d1dc-b79c-48d1-8ccf-6956f94fa3bf","message":"Refresh token rotated successfully"}
