{"level":40,"time":"2026-04-19T00:00:03.410Z","pid":3320,"hostname":"TM1_Laptop","level_label":"warn","msg":"MongoDB connection lost"}
{"level":50,"time":"2026-04-19T00:00:03.413Z","pid":3320,"hostname":"TM1_Laptop","level_label":"error","err":{"type":"MongooseServerSelectionError","message":"Could not connect to any servers in your MongoDB Atlas cluster. One common reason is that you're trying to access the database from an IP that isn't whitelisted. Make sure your current IP address is on your Atlas cluster's IP whitelist: https://www.mongodb.com/docs/atlas/security-whitelist/","stack":"MongooseServerSelectionError: Could not connect to any servers in your MongoDB Atlas cluster. One common reason is that you're trying to access the database from an IP that isn't whitelisted. Make sure your current IP address is on your Atlas cluster's IP whitelist: https://www.mongodb.com/docs/atlas/security-whitelist/\n    at _handleConnectionErrors (C:\\Users\\USER\\Desktop\\projects\\nsmq_tricks\\node_modules\\mongoose\\lib\\connection.js:1180:11)\n    at NativeConnection.openUri (C:\\Users\\USER\\Desktop\\projects\\nsmq_tricks\\node_modules\\mongoose\\lib\\connection.js:1111:11)\n    at async databaseConnection (file:///C:/Users/USER/Desktop/projects/nsmq_tricks/backend/src/core/mongoose.database.js:34:9)\n    at async startServer (file:///C:/Users/USER/Desktop/projects/nsmq_tricks/backend/src/server.js:34:9)","errorLabelSet":{},"reason":{"type":"ReplicaSetNoPrimary","servers":{"ac-jbjwy8o-shard-00-02.doyr9s2.mongodb.net:27017":{"address":"ac-jbjwy8o-shard-00-02.doyr9s2.mongodb.net:27017","type":"Unknown","hosts":[],"passives":[],"arbiters":[],"tags":{},"minWireVersion":0,"maxWireVersion":0,"roundTripTime":-1,"minRoundTripTime":0,"lastUpdateTime":67444,"lastWriteDate":0,"error":null,"topologyVersion":null,"setName":null,"setVersion":null,"electionId":null,"logicalSessionTimeoutMinutes":null,"maxMessageSizeBytes":null,"maxWriteBatchSize":null,"maxBsonObjectSize":null,"primary":null,"me":null,"$clusterTime":null,"iscryptd":false},"ac-jbjwy8o-shard-00-00.doyr9s2.mongodb.net:27017":{"address":"ac-jbjwy8o-shard-00-00.doyr9s2.mongodb.net:27017","type":"Unknown","hosts":[],"passives":[],"arbiters":[],"tags":{},"minWireVersion":0,"maxWireVersion":0,"roundTripTime":-1,"minRoundTripTime":0,"lastUpdateTime":67444,"lastWriteDate":0,"error":null,"topologyVersion":null,"setName":null,"setVersion":null,"electionId":null,"logicalSessionTimeoutMinutes":null,"maxMessageSizeBytes":null,"maxWriteBatchSize":null,"maxBsonObjectSize":null,"primary":null,"me":null,"$clusterTime":null,"iscryptd":false},"ac-jbjwy8o-shard-00-01.doyr9s2.mongodb.net:27017":{"address":"ac-jbjwy8o-shard-00-01.doyr9s2.mongodb.net:27017","type":"Unknown","hosts":[],"passives":[],"arbiters":[],"tags":{},"minWireVersion":0,"maxWireVersion":0,"roundTripTime":-1,"minRoundTripTime":0,"lastUpdateTime":67444,"lastWriteDate":0,"error":null,"topologyVersion":null,"setName":null,"setVersion":null,"electionId":null,"logicalSessionTimeoutMinutes":null,"maxMessageSizeBytes":null,"maxWriteBatchSize":null,"maxBsonObjectSize":null,"primary":null,"me":null,"$clusterTime":null,"iscryptd":false}},"stale":false,"compatible":true,"heartbeatFrequencyMS":10000,"localThresholdMS":15,"setName":"atlas-3spyps-shard-0","maxElectionId":null,"maxSetVersion":null,"commonWireVersion":0,"logicalSessionTimeoutMinutes":null},"cause":{"type":"ReplicaSetNoPrimary","servers":{"ac-jbjwy8o-shard-00-02.doyr9s2.mongodb.net:27017":{"address":"ac-jbjwy8o-shard-00-02.doyr9s2.mongodb.net:27017","type":"Unknown","hosts":[],"passives":[],"arbiters":[],"tags":{},"minWireVersion":0,"maxWireVersion":0,"roundTripTime":-1,"minRoundTripTime":0,"lastUpdateTime":67444,"lastWriteDate":0,"error":null,"topologyVersion":null,"setName":null,"setVersion":null,"electionId":null,"logicalSessionTimeoutMinutes":null,"maxMessageSizeBytes":null,"maxWriteBatchSize":null,"maxBsonObjectSize":null,"primary":null,"me":null,"$clusterTime":null,"iscryptd":false},"ac-jbjwy8o-shard-00-00.doyr9s2.mongodb.net:27017":{"address":"ac-jbjwy8o-shard-00-00.doyr9s2.mongodb.net:27017","type":"Unknown","hosts":[],"passives":[],"arbiters":[],"tags":{},"minWireVersion":0,"maxWireVersion":0,"roundTripTime":-1,"minRoundTripTime":0,"lastUpdateTime":67444,"lastWriteDate":0,"error":null,"topologyVersion":null,"setName":null,"setVersion":null,"electionId":null,"logicalSessionTimeoutMinutes":null,"maxMessageSizeBytes":null,"maxWriteBatchSize":null,"maxBsonObjectSize":null,"primary":null,"me":null,"$clusterTime":null,"iscryptd":false},"ac-jbjwy8o-shard-00-01.doyr9s2.mongodb.net:27017":{"address":"ac-jbjwy8o-shard-00-01.doyr9s2.mongodb.net:27017","type":"Unknown","hosts":[],"passives":[],"arbiters":[],"tags":{},"minWireVersion":0,"maxWireVersion":0,"roundTripTime":-1,"minRoundTripTime":0,"lastUpdateTime":67444,"lastWriteDate":0,"error":null,"topologyVersion":null,"setName":null,"setVersion":null,"electionId":null,"logicalSessionTimeoutMinutes":null,"maxMessageSizeBytes":null,"maxWriteBatchSize":null,"maxBsonObjectSize":null,"primary":null,"me":null,"$clusterTime":null,"iscryptd":false}},"stale":false,"compatible":true,"heartbeatFrequencyMS":10000,"localThresholdMS":15,"setName":"atlas-3spyps-shard-0","maxElectionId":null,"maxSetVersion":null,"commonWireVersion":0,"logicalSessionTimeoutMinutes":null}},"msg":"MongoDB connection failed"}
{"level":50,"time":"2026-04-19T00:00:03.509Z","pid":3320,"hostname":"TM1_Laptop","level_label":"error","err":{"type":"Error","message":"MongoDB connection failed","stack":"Error: MongoDB connection failed\n    at databaseConnection (file:///C:/Users/USER/Desktop/projects/nsmq_tricks/backend/src/core/mongoose.database.js:40:15)\n    at async startServer (file:///C:/Users/USER/Desktop/projects/nsmq_tricks/backend/src/server.js:34:9)"},"msg":"Application startup failed"}
{"level":30,"time":"2026-04-19T00:14:02.296Z","pid":5564,"hostname":"TM1_Laptop","level_label":"info","msg":"Redis TCP connection established"}
{"level":30,"time":"2026-04-19T00:14:03.297Z","pid":5564,"hostname":"TM1_Laptop","level_label":"info","msg":"Redis client is ready for commands"}
{"level":30,"time":"2026-04-19T00:14:06.343Z","pid":5564,"hostname":"TM1_Laptop","level_label":"info","msg":"MongoDB connection established"}
{"level":30,"time":"2026-04-19T00:14:06.356Z","pid":5564,"hostname":"TM1_Laptop","level_label":"info","msg":"MongoDB connected successfully"}
{"level":30,"time":"2026-04-19T00:14:06.356Z","pid":5564,"hostname":"TM1_Laptop","level_label":"info","msg":"Database connected successfully"}
{"level":30,"time":"2026-04-19T00:14:06.576Z","pid":5564,"hostname":"TM1_Laptop","level_label":"info","msg":"Listening on PORT 4000"}
{"level":30,"time":"2026-04-19T00:16:22.250Z","pid":12884,"hostname":"TM1_Laptop","level_label":"info","msg":"Redis TCP connection established"}
{"level":30,"time":"2026-04-19T00:16:22.454Z","pid":12884,"hostname":"TM1_Laptop","level_label":"info","msg":"Redis client is ready for commands"}
{"level":30,"time":"2026-04-19T00:16:25.214Z","pid":12884,"hostname":"TM1_Laptop","level_label":"info","msg":"MongoDB connection established"}
{"level":30,"time":"2026-04-19T00:16:25.223Z","pid":12884,"hostname":"TM1_Laptop","level_label":"info","msg":"MongoDB connected successfully"}
{"level":30,"time":"2026-04-19T00:16:25.224Z","pid":12884,"hostname":"TM1_Laptop","level_label":"info","msg":"Database connected successfully"}
{"level":30,"time":"2026-04-19T00:16:25.249Z","pid":12884,"hostname":"TM1_Laptop","level_label":"info","msg":"Listening on PORT 4000"}
{"level":30,"time":"2026-04-19T00:21:45.345Z","pid":15336,"hostname":"TM1_Laptop","level_label":"info","msg":"Redis TCP connection established"}
{"level":30,"time":"2026-04-19T00:21:46.504Z","pid":15336,"hostname":"TM1_Laptop","level_label":"info","msg":"Redis client is ready for commands"}
{"level":30,"time":"2026-04-19T00:21:51.643Z","pid":15336,"hostname":"TM1_Laptop","level_label":"info","msg":"MongoDB connection established"}
{"level":30,"time":"2026-04-19T00:21:51.653Z","pid":15336,"hostname":"TM1_Laptop","level_label":"info","msg":"MongoDB connected successfully"}
{"level":30,"time":"2026-04-19T00:21:51.653Z","pid":15336,"hostname":"TM1_Laptop","level_label":"info","msg":"Database connected successfully"}
{"level":30,"time":"2026-04-19T00:21:51.689Z","pid":15336,"hostname":"TM1_Laptop","level_label":"info","msg":"Listening on PORT 4000"}
{"level":30,"time":"2026-04-19T00:29:55.697Z","pid":2864,"hostname":"TM1_Laptop","level_label":"info","msg":"Redis TCP connection established"}
{"level":30,"time":"2026-04-19T00:29:56.127Z","pid":2864,"hostname":"TM1_Laptop","level_label":"info","msg":"Redis client is ready for commands"}
{"level":30,"time":"2026-04-19T00:30:00.240Z","pid":2864,"hostname":"TM1_Laptop","level_label":"info","msg":"MongoDB connection established"}
{"level":30,"time":"2026-04-19T00:30:00.250Z","pid":2864,"hostname":"TM1_Laptop","level_label":"info","msg":"MongoDB connected successfully"}
{"level":30,"time":"2026-04-19T00:30:00.251Z","pid":2864,"hostname":"TM1_Laptop","level_label":"info","msg":"Database connected successfully"}
{"level":30,"time":"2026-04-19T00:30:00.274Z","pid":2864,"hostname":"TM1_Laptop","level_label":"info","msg":"Listening on PORT 4000"}
{"level":30,"time":"2026-04-19T00:34:07.535Z","pid":14376,"hostname":"TM1_Laptop","level_label":"info","msg":"Redis TCP connection established"}
{"level":30,"time":"2026-04-19T00:34:07.664Z","pid":14376,"hostname":"TM1_Laptop","level_label":"info","msg":"Redis client is ready for commands"}
{"level":30,"time":"2026-04-19T00:34:10.769Z","pid":14376,"hostname":"TM1_Laptop","level_label":"info","msg":"MongoDB connection established"}
{"level":30,"time":"2026-04-19T00:34:10.778Z","pid":14376,"hostname":"TM1_Laptop","level_label":"info","msg":"MongoDB connected successfully"}
{"level":30,"time":"2026-04-19T00:34:10.779Z","pid":14376,"hostname":"TM1_Laptop","level_label":"info","msg":"Database connected successfully"}
{"level":30,"time":"2026-04-19T00:34:10.808Z","pid":14376,"hostname":"TM1_Laptop","level_label":"info","msg":"Listening on PORT 4000"}
{"level":30,"time":"2026-04-19T00:39:00.371Z","pid":12008,"hostname":"TM1_Laptop","level_label":"info","msg":"Redis TCP connection established"}
{"level":30,"time":"2026-04-19T00:39:00.786Z","pid":12008,"hostname":"TM1_Laptop","level_label":"info","msg":"Redis client is ready for commands"}
{"level":30,"time":"2026-04-19T00:39:02.918Z","pid":12008,"hostname":"TM1_Laptop","level_label":"info","msg":"MongoDB connection established"}
{"level":30,"time":"2026-04-19T00:39:02.937Z","pid":12008,"hostname":"TM1_Laptop","level_label":"info","msg":"MongoDB connected successfully"}
{"level":30,"time":"2026-04-19T00:39:02.937Z","pid":12008,"hostname":"TM1_Laptop","level_label":"info","msg":"Database connected successfully"}
{"level":30,"time":"2026-04-19T00:39:02.956Z","pid":12008,"hostname":"TM1_Laptop","level_label":"info","msg":"Listening on PORT 4000"}
{"level":30,"time":"2026-04-19T00:39:58.504Z","pid":13464,"hostname":"TM1_Laptop","level_label":"info","msg":"Redis TCP connection established"}
{"level":30,"time":"2026-04-19T00:39:58.524Z","pid":13464,"hostname":"TM1_Laptop","level_label":"info","msg":"Redis client is ready for commands"}
{"level":30,"time":"2026-04-19T00:40:05.019Z","pid":13464,"hostname":"TM1_Laptop","level_label":"info","msg":"MongoDB connection established"}
{"level":30,"time":"2026-04-19T00:40:05.038Z","pid":13464,"hostname":"TM1_Laptop","level_label":"info","msg":"MongoDB connected successfully"}
{"level":30,"time":"2026-04-19T00:40:05.039Z","pid":13464,"hostname":"TM1_Laptop","level_label":"info","msg":"Database connected successfully"}
{"level":30,"time":"2026-04-19T00:40:05.055Z","pid":13464,"hostname":"TM1_Laptop","level_label":"info","msg":"Listening on PORT 4000"}
{"level":30,"time":"2026-04-19T00:43:24.972Z","pid":9528,"hostname":"TM1_Laptop","level_label":"info","msg":"Redis TCP connection established"}
{"level":30,"time":"2026-04-19T00:43:25.814Z","pid":9528,"hostname":"TM1_Laptop","level_label":"info","msg":"Redis client is ready for commands"}
{"level":30,"time":"2026-04-19T00:43:29.361Z","pid":9528,"hostname":"TM1_Laptop","level_label":"info","msg":"MongoDB connection established"}
{"level":30,"time":"2026-04-19T00:43:29.374Z","pid":9528,"hostname":"TM1_Laptop","level_label":"info","msg":"MongoDB connected successfully"}
{"level":30,"time":"2026-04-19T00:43:29.374Z","pid":9528,"hostname":"TM1_Laptop","level_label":"info","msg":"Database connected successfully"}
{"level":30,"time":"2026-04-19T00:43:29.412Z","pid":9528,"hostname":"TM1_Laptop","level_label":"info","msg":"Listening on PORT 4000"}
{"level":30,"time":"2026-04-19T00:50:33.409Z","pid":9784,"hostname":"TM1_Laptop","level_label":"info","msg":"Redis TCP connection established"}
{"level":30,"time":"2026-04-19T00:50:33.782Z","pid":9784,"hostname":"TM1_Laptop","level_label":"info","msg":"Redis client is ready for commands"}
{"level":30,"time":"2026-04-19T00:50:36.359Z","pid":9784,"hostname":"TM1_Laptop","level_label":"info","msg":"MongoDB connection established"}
{"level":30,"time":"2026-04-19T00:50:36.371Z","pid":9784,"hostname":"TM1_Laptop","level_label":"info","msg":"MongoDB connected successfully"}
{"level":30,"time":"2026-04-19T00:50:36.371Z","pid":9784,"hostname":"TM1_Laptop","level_label":"info","msg":"Database connected successfully"}
{"level":30,"time":"2026-04-19T00:50:36.398Z","pid":9784,"hostname":"TM1_Laptop","level_label":"info","msg":"Listening on PORT 4000"}
{"level":40,"time":"2026-04-19T01:32:59.297Z","pid":9784,"hostname":"TM1_Laptop","level_label":"warn","msg":"MongoDB connection lost"}
{"level":30,"time":"2026-04-19T08:24:17.497Z","pid":4988,"hostname":"TM1_Laptop","level_label":"info","msg":"Redis TCP connection established"}
{"level":40,"time":"2026-04-19T08:24:17.524Z","pid":4988,"hostname":"TM1_Laptop","level_label":"warn","msg":"MongoDB connection lost"}
{"level":50,"time":"2026-04-19T08:24:17.525Z","pid":4988,"hostname":"TM1_Laptop","level_label":"error","err":{"type":"Error","message":"querySrv ECONNREFUSED _mongodb._tcp.cluster0.doyr9s2.mongodb.net","stack":"Error: querySrv ECONNREFUSED _mongodb._tcp.cluster0.doyr9s2.mongodb.net\n    at QueryReqWrap.onresolve [as oncomplete] (node:internal/dns/promises:294:17)","code":"ECONNREFUSED","syscall":"querySrv","hostname":"_mongodb._tcp.cluster0.doyr9s2.mongodb.net"},"msg":"MongoDB connection failed"}
{"level":50,"time":"2026-04-19T08:24:17.528Z","pid":4988,"hostname":"TM1_Laptop","level_label":"error","err":{"type":"Error","message":"MongoDB connection failed","stack":"Error: MongoDB connection failed\n    at databaseConnection (file:///C:/Users/USER/Desktop/projects/nsmq_tricks/backend/src/core/mongoose.database.js:40:15)\n    at async startServer (file:///C:/Users/USER/Desktop/projects/nsmq_tricks/backend/src/server.js:34:9)"},"msg":"Application startup failed"}
